[0m[[0m[0mdebug[0m] [0m[0m> Exec(run, Some(0e6c7978-437a-4170-8f39-963c95fe2356), Some(CommandSource(console0)))[0m
[0m[[0m[0mdebug[0m] [0m[0mEvaluating tasks: Compile / run[0m
[0m[[0m[0mdebug[0m] [0m[0mRunning task... Cancel: Signal, check cycles: false, forcegc: true[0m
[0m[[0m[0minfo[0m] [0m[0mcompiling 1 Scala source to C:\Users\Rudy\source\repos\big-data-4\ex_1\target\scala-2.13\classes ...[0m
[0m[[0m[33mwarn[0m] [0m[0m3 deprecations (since 2.13.0)[0m
[0m[[0m[33mwarn[0m] [0m[0m1 deprecation (since 2.13.3)[0m
[0m[[0m[33mwarn[0m] [0m[0m4 deprecations in total; re-run with -deprecation for details[0m
[0m[[0m[33mwarn[0m] [0m[0mthree warnings found[0m
[0m[[0m[31merror[0m] [0m[0mjava.net.UnknownHostException: https[0m
[0m[[0m[31merror[0m] [0m[0m	at java.net.AbstractPlainSocketImpl.connect(Unknown Source)[0m
[0m[[0m[31merror[0m] [0m[0m	at java.net.PlainSocketImpl.connect(Unknown Source)[0m
[0m[[0m[31merror[0m] [0m[0m	at java.net.SocksSocketImpl.connect(Unknown Source)[0m
[0m[[0m[31merror[0m] [0m[0m	at java.net.Socket.connect(Unknown Source)[0m
[0m[[0m[31merror[0m] [0m[0m	at sun.security.ssl.SSLSocketImpl.connect(Unknown Source)[0m
[0m[[0m[31merror[0m] [0m[0m	at sun.security.ssl.BaseSSLSocketImpl.connect(Unknown Source)[0m
[0m[[0m[31merror[0m] [0m[0m	at sun.net.NetworkClient.doConnect(Unknown Source)[0m
[0m[[0m[31merror[0m] [0m[0m	at sun.net.www.http.HttpClient.openServer(Unknown Source)[0m
[0m[[0m[31merror[0m] [0m[0m	at sun.net.www.http.HttpClient.openServer(Unknown Source)[0m
[0m[[0m[31merror[0m] [0m[0m	at sun.net.www.protocol.https.HttpsClient.<init>(Unknown Source)[0m
[0m[[0m[31merror[0m] [0m[0m	at sun.net.www.protocol.https.HttpsClient.New(Unknown Source)[0m
[0m[[0m[31merror[0m] [0m[0m	at sun.net.www.protocol.https.AbstractDelegateHttpsURLConnection.getNewHttpClient(Unknown Source)[0m
[0m[[0m[31merror[0m] [0m[0m	at sun.net.www.protocol.http.HttpURLConnection.plainConnect0(Unknown Source)[0m
[0m[[0m[31merror[0m] [0m[0m	at sun.net.www.protocol.http.HttpURLConnection.plainConnect(Unknown Source)[0m
[0m[[0m[31merror[0m] [0m[0m	at sun.net.www.protocol.https.AbstractDelegateHttpsURLConnection.connect(Unknown Source)[0m
[0m[[0m[31merror[0m] [0m[0m	at sun.net.www.protocol.http.HttpURLConnection.getInputStream0(Unknown Source)[0m
[0m[[0m[31merror[0m] [0m[0m	at sun.net.www.protocol.http.HttpURLConnection.getInputStream(Unknown Source)[0m
[0m[[0m[31merror[0m] [0m[0m	at sun.net.www.protocol.https.HttpsURLConnectionImpl.getInputStream(Unknown Source)[0m
[0m[[0m[31merror[0m] [0m[0m	at java.net.URL.openStream(Unknown Source)[0m
[0m[[0m[31merror[0m] [0m[0m	at scala.io.Source$.fromURL(Source.scala:142)[0m
[0m[[0m[31merror[0m] [0m[0m	at scala.io.Source$.fromURL(Source.scala:132)[0m
[0m[[0m[31merror[0m] [0m[0m	at Crawler.GetPage(Main.scala:50)[0m
[0m[[0m[31merror[0m] [0m[0m	at Crawler.$anonfun$Crawl$2(Main.scala:75)[0m
[0m[[0m[31merror[0m] [0m[0m	at Crawler.$anonfun$Crawl$2$adapted(Main.scala:73)[0m
[0m[[0m[31merror[0m] [0m[0m	at scala.collection.immutable.Range.foreach(Range.scala:190)[0m
[0m[[0m[31merror[0m] [0m[0m	at Crawler.Crawl(Main.scala:73)[0m
[0m[[0m[31merror[0m] [0m[0m	at Main$.delayedEndpoint$Main$1(Main.scala:11)[0m
[0m[[0m[31merror[0m] [0m[0m	at Main$delayedInit$body.apply(Main.scala:8)[0m
[0m[[0m[31merror[0m] [0m[0m	at scala.Function0.apply$mcV$sp(Function0.scala:39)[0m
[0m[[0m[31merror[0m] [0m[0m	at scala.Function0.apply$mcV$sp$(Function0.scala:39)[0m
[0m[[0m[31merror[0m] [0m[0m	at scala.runtime.AbstractFunction0.apply$mcV$sp(AbstractFunction0.scala:17)[0m
[0m[[0m[31merror[0m] [0m[0m	at scala.App.$anonfun$main$1(App.scala:73)[0m
[0m[[0m[31merror[0m] [0m[0m	at scala.App.$anonfun$main$1$adapted(App.scala:73)[0m
[0m[[0m[31merror[0m] [0m[0m	at scala.collection.IterableOnceOps.foreach(IterableOnce.scala:553)[0m
[0m[[0m[31merror[0m] [0m[0m	at scala.collection.IterableOnceOps.foreach$(IterableOnce.scala:551)[0m
[0m[[0m[31merror[0m] [0m[0m	at scala.collection.AbstractIterable.foreach(Iterable.scala:920)[0m
[0m[[0m[31merror[0m] [0m[0m	at scala.App.main(App.scala:73)[0m
[0m[[0m[31merror[0m] [0m[0m	at scala.App.main$(App.scala:71)[0m
[0m[[0m[31merror[0m] [0m[0m	at Main$.main(Main.scala:8)[0m
[0m[[0m[31merror[0m] [0m[0m	at Main.main(Main.scala)[0m
[0m[[0m[31merror[0m] [0m[0m	at sun.reflect.NativeMethodAccessorImpl.invoke0(Native Method)[0m
[0m[[0m[31merror[0m] [0m[0m	at sun.reflect.NativeMethodAccessorImpl.invoke(Unknown Source)[0m
[0m[[0m[31merror[0m] [0m[0m	at sun.reflect.DelegatingMethodAccessorImpl.invoke(Unknown Source)[0m
[0m[[0m[31merror[0m] [0m[0m	at java.lang.reflect.Method.invoke(Unknown Source)[0m
[0m[[0m[31merror[0m] [0m[0m	at sbt.Run.invokeMain(Run.scala:143)[0m
[0m[[0m[31merror[0m] [0m[0m	at sbt.Run.execute$1(Run.scala:93)[0m
[0m[[0m[31merror[0m] [0m[0m	at sbt.Run.$anonfun$runWithLoader$5(Run.scala:120)[0m
[0m[[0m[31merror[0m] [0m[0m	at sbt.Run$.executeSuccess(Run.scala:186)[0m
[0m[[0m[31merror[0m] [0m[0m	at sbt.Run.runWithLoader(Run.scala:120)[0m
[0m[[0m[31merror[0m] [0m[0m	at sbt.Defaults$.$anonfun$bgRunTask$6(Defaults.scala:1983)[0m
[0m[[0m[31merror[0m] [0m[0m	at sbt.Defaults$.$anonfun$termWrapper$2(Defaults.scala:1922)[0m
[0m[[0m[31merror[0m] [0m[0m	at scala.runtime.java8.JFunction0$mcV$sp.apply(JFunction0$mcV$sp.java:23)[0m
[0m[[0m[31merror[0m] [0m[0m	at scala.util.Try$.apply(Try.scala:213)[0m
[0m[[0m[31merror[0m] [0m[0m	at sbt.internal.BackgroundThreadPool$BackgroundRunnable.run(DefaultBackgroundJobService.scala:369)[0m
[0m[[0m[31merror[0m] [0m[0m	at java.util.concurrent.ThreadPoolExecutor.runWorker(Unknown Source)[0m
[0m[[0m[31merror[0m] [0m[0m	at java.util.concurrent.ThreadPoolExecutor$Worker.run(Unknown Source)[0m
[0m[[0m[31merror[0m] [0m[0m	at java.lang.Thread.run(Unknown Source)[0m
[0m[[0m[31merror[0m] [0m[0m(Compile / [31mrun[0m) java.net.UnknownHostException: https[0m
[0m[[0m[31merror[0m] [0m[0mTotal time: 3 s, completed 2022-01-24 01:25:42[0m
[0m[[0m[0mdebug[0m] [0m[0m> Exec(shell, None, None)[0m
